Flow report for NN-ESD
Wed Oct 17 15:43:47 2018
Quartus Prime Version 18.1.0 Build 625 09/12/2018 SJ Lite Edition


---------------------
; Table of Contents ;
---------------------
  1. Legal Notice
  2. Flow Summary
  3. Flow Settings
  4. Flow Non-Default Global Settings
  5. Flow Elapsed Time
  6. Flow OS Summary
  7. Flow Log
  8. Flow Messages
  9. Flow Suppressed Messages



----------------
; Legal Notice ;
----------------
Copyright (C) 2018  Intel Corporation. All rights reserved.
Your use of Intel Corporation's design tools, logic functions 
and other software and tools, and its AMPP partner logic 
functions, and any output files from any of the foregoing 
(including device programming or simulation files), and any 
associated documentation or information are expressly subject 
to the terms and conditions of the Intel Program License 
Subscription Agreement, the Intel Quartus Prime License Agreement,
the Intel FPGA IP License Agreement, or other applicable license
agreement, including, without limitation, that your use is for
the sole purpose of programming logic devices manufactured by
Intel and sold by Intel or its authorized distributors.  Please
refer to the applicable agreement for further details.



+-------------------------------------------------------------------------------+
; Flow Summary                                                                  ;
+---------------------------------+---------------------------------------------+
; Flow Status                     ; Successful - Wed Oct 17 15:43:23 2018       ;
; Quartus Prime Version           ; 18.1.0 Build 625 09/12/2018 SJ Lite Edition ;
; Revision Name                   ; NN-ESD                                      ;
; Top-level Entity Name           ; DE10_Standard                               ;
; Family                          ; Cyclone V                                   ;
; Device                          ; 5CSXFC6D6F31C6                              ;
; Timing Models                   ; Final                                       ;
; Logic utilization (in ALMs)     ; 424 / 41,910 ( 1 % )                        ;
; Total registers                 ; 795                                         ;
; Total pins                      ; 153 / 499 ( 31 % )                          ;
; Total virtual pins              ; 0                                           ;
; Total block memory bits         ; 1,024 / 5,662,720 ( < 1 % )                 ;
; Total DSP Blocks                ; 0 / 112 ( 0 % )                             ;
; Total HSSI RX PCSs              ; 0 / 9 ( 0 % )                               ;
; Total HSSI PMA RX Deserializers ; 0 / 9 ( 0 % )                               ;
; Total HSSI TX PCSs              ; 0 / 9 ( 0 % )                               ;
; Total HSSI PMA TX Serializers   ; 0 / 9 ( 0 % )                               ;
; Total PLLs                      ; 1 / 15 ( 7 % )                              ;
; Total DLLs                      ; 1 / 4 ( 25 % )                              ;
+---------------------------------+---------------------------------------------+


+-----------------------------------------+
; Flow Settings                           ;
+-------------------+---------------------+
; Option            ; Setting             ;
+-------------------+---------------------+
; Start date & time ; 10/17/2018 15:40:44 ;
; Main task         ; Compilation         ;
; Revision Name     ; NN-ESD              ;
+-------------------+---------------------+


+-----------------------------------------------------------------------------------------------------------------------------+
; Flow Non-Default Global Settings                                                                                            ;
+---------------------------------------+----------------------------------------+---------------+---------------+------------+
; Assignment Name                       ; Value                                  ; Default Value ; Entity Name   ; Section Id ;
+---------------------------------------+----------------------------------------+---------------+---------------+------------+
; COMPILER_SIGNATURE_ID                 ; 18121611603041.153978364323616         ; --            ; --            ; --         ;
; ECO_REGENERATE_REPORT                 ; On                                     ; Off           ; --            ; --         ;
; MAX_CORE_JUNCTION_TEMP                ; 85                                     ; --            ; --            ; --         ;
; MIN_CORE_JUNCTION_TEMP                ; 0                                      ; --            ; --            ; --         ;
; PARTITION_COLOR                       ; -- (Not supported for targeted family) ; --            ; DE10_Standard ; Top        ;
; PARTITION_FITTER_PRESERVATION_LEVEL   ; -- (Not supported for targeted family) ; --            ; DE10_Standard ; Top        ;
; PARTITION_NETLIST_TYPE                ; -- (Not supported for targeted family) ; --            ; DE10_Standard ; Top        ;
; POWER_BOARD_THERMAL_MODEL             ; None (CONSERVATIVE)                    ; --            ; --            ; --         ;
; POWER_PRESET_COOLING_SOLUTION         ; 23 MM HEAT SINK WITH 200 LFPM AIRFLOW  ; --            ; --            ; --         ;
; PROJECT_OUTPUT_DIRECTORY              ; output_files                           ; --            ; --            ; --         ;
; TOP_LEVEL_ENTITY                      ; DE10_Standard                          ; NN-ESD        ; --            ; --         ;
; USE_DLL_FREQUENCY_FOR_DQS_DELAY_CHAIN ; On                                     ; Off           ; --            ; --         ;
+---------------------------------------+----------------------------------------+---------------+---------------+------------+


+--------------------------------------------------------------------------------------------------------------------------+
; Flow Elapsed Time                                                                                                        ;
+----------------------+--------------+-------------------------+---------------------+------------------------------------+
; Module Name          ; Elapsed Time ; Average Processors Used ; Peak Virtual Memory ; Total CPU Time (on all processors) ;
+----------------------+--------------+-------------------------+---------------------+------------------------------------+
; Analysis & Synthesis ; 00:01:25     ; 1.0                     ; 1307 MB             ; 00:03:03                           ;
; Fitter               ; 00:01:02     ; 1.1                     ; 3271 MB             ; 00:01:35                           ;
; Assembler            ; 00:00:07     ; 1.0                     ; 1004 MB             ; 00:00:07                           ;
; Timing Analyzer      ; 00:00:22     ; 1.1                     ; 1688 MB             ; 00:00:25                           ;
; Total                ; 00:02:56     ; --                      ; --                  ; 00:05:10                           ;
+----------------------+--------------+-------------------------+---------------------+------------------------------------+


+----------------------------------------------------------------------------------------+
; Flow OS Summary                                                                        ;
+----------------------+------------------+----------------+------------+----------------+
; Module Name          ; Machine Hostname ; OS Name        ; OS Version ; Processor type ;
+----------------------+------------------+----------------+------------+----------------+
; Analysis & Synthesis ; jan-DU5          ; Ubuntu 16.04.4 ; 16         ; x86_64         ;
; Fitter               ; jan-DU5          ; Ubuntu 16.04.4 ; 16         ; x86_64         ;
; Assembler            ; jan-DU5          ; Ubuntu 16.04.4 ; 16         ; x86_64         ;
; Timing Analyzer      ; jan-DU5          ; Ubuntu 16.04.4 ; 16         ; x86_64         ;
+----------------------+------------------+----------------+------------+----------------+


------------
; Flow Log ;
------------
quartus_map --read_settings_files=on --write_settings_files=off NN-ESD -c NN-ESD
quartus_fit --read_settings_files=off --write_settings_files=off NN-ESD -c NN-ESD
quartus_asm --read_settings_files=off --write_settings_files=off NN-ESD -c NN-ESD
quartus_sta NN-ESD -c NN-ESD



