Flow report for NN-ESD
Sun Oct 14 19:12:38 2018
Quartus Prime Version 16.1.0 Build 196 10/24/2016 SJ Lite Edition


---------------------
; Table of Contents ;
---------------------
  1. Legal Notice
  2. Flow Summary
  3. Flow Settings
  4. Flow Non-Default Global Settings
  5. Flow Elapsed Time
  6. Flow OS Summary
  7. Flow Log
  8. Flow Messages
  9. Flow Suppressed Messages



----------------
; Legal Notice ;
----------------
Copyright (C) 2016  Intel Corporation. All rights reserved.
Your use of Intel Corporation's design tools, logic functions 
and other software and tools, and its AMPP partner logic 
functions, and any output files from any of the foregoing 
(including device programming or simulation files), and any 
associated documentation or information are expressly subject 
to the terms and conditions of the Intel Program License 
Subscription Agreement, the Intel Quartus Prime License Agreement,
the Intel MegaCore Function License Agreement, or other 
applicable license agreement, including, without limitation, 
that your use is for the sole purpose of programming logic 
devices manufactured by Intel and sold by Intel or its 
authorized distributors.  Please refer to the applicable 
agreement for further details.



+-------------------------------------------------------------------------------+
; Flow Summary                                                                  ;
+---------------------------------+---------------------------------------------+
; Flow Status                     ; Successful - Sun Oct 14 19:11:50 2018       ;
; Quartus Prime Version           ; 16.1.0 Build 196 10/24/2016 SJ Lite Edition ;
; Revision Name                   ; NN-ESD                                      ;
; Top-level Entity Name           ; DE10_Standard                               ;
; Family                          ; Cyclone V                                   ;
; Device                          ; 5CSXFC6D6F31C6                              ;
; Timing Models                   ; Final                                       ;
; Logic utilization (in ALMs)     ; 424 / 41,910 ( 1 % )                        ;
; Total registers                 ; 797                                         ;
; Total pins                      ; 153 / 499 ( 31 % )                          ;
; Total virtual pins              ; 0                                           ;
; Total block memory bits         ; 1,024 / 5,662,720 ( < 1 % )                 ;
; Total DSP Blocks                ; 0 / 112 ( 0 % )                             ;
; Total HSSI RX PCSs              ; 0 / 9 ( 0 % )                               ;
; Total HSSI PMA RX Deserializers ; 0 / 9 ( 0 % )                               ;
; Total HSSI TX PCSs              ; 0 / 9 ( 0 % )                               ;
; Total HSSI PMA TX Serializers   ; 0 / 9 ( 0 % )                               ;
; Total PLLs                      ; 1 / 15 ( 7 % )                              ;
; Total DLLs                      ; 1 / 4 ( 25 % )                              ;
+---------------------------------+---------------------------------------------+


+-----------------------------------------+
; Flow Settings                           ;
+-------------------+---------------------+
; Option            ; Setting             ;
+-------------------+---------------------+
; Start date & time ; 10/14/2018 19:06:52 ;
; Main task         ; Compilation         ;
; Revision Name     ; NN-ESD              ;
+-------------------+---------------------+


+-----------------------------------------------------------------------------------------------------------------------------+
; Flow Non-Default Global Settings                                                                                            ;
+---------------------------------------+----------------------------------------+---------------+---------------+------------+
; Assignment Name                       ; Value                                  ; Default Value ; Entity Name   ; Section Id ;
+---------------------------------------+----------------------------------------+---------------+---------------+------------+
; COMPILER_SIGNATURE_ID                 ; 18121611603041.153953681207236         ; --            ; --            ; --         ;
; ECO_REGENERATE_REPORT                 ; On                                     ; Off           ; --            ; --         ;
; MAX_CORE_JUNCTION_TEMP                ; 85                                     ; --            ; --            ; --         ;
; MIN_CORE_JUNCTION_TEMP                ; 0                                      ; --            ; --            ; --         ;
; PARTITION_COLOR                       ; -- (Not supported for targeted family) ; --            ; DE10_Standard ; Top        ;
; PARTITION_FITTER_PRESERVATION_LEVEL   ; -- (Not supported for targeted family) ; --            ; DE10_Standard ; Top        ;
; PARTITION_NETLIST_TYPE                ; -- (Not supported for targeted family) ; --            ; DE10_Standard ; Top        ;
; POWER_BOARD_THERMAL_MODEL             ; None (CONSERVATIVE)                    ; --            ; --            ; --         ;
; POWER_PRESET_COOLING_SOLUTION         ; 23 MM HEAT SINK WITH 200 LFPM AIRFLOW  ; --            ; --            ; --         ;
; PROJECT_OUTPUT_DIRECTORY              ; output_files                           ; --            ; --            ; --         ;
; TOP_LEVEL_ENTITY                      ; DE10_Standard                          ; NN-ESD        ; --            ; --         ;
; USE_DLL_FREQUENCY_FOR_DQS_DELAY_CHAIN ; On                                     ; Off           ; --            ; --         ;
+---------------------------------------+----------------------------------------+---------------+---------------+------------+


+-------------------------------------------------------------------------------------------------------------------------------+
; Flow Elapsed Time                                                                                                             ;
+---------------------------+--------------+-------------------------+---------------------+------------------------------------+
; Module Name               ; Elapsed Time ; Average Processors Used ; Peak Virtual Memory ; Total CPU Time (on all processors) ;
+---------------------------+--------------+-------------------------+---------------------+------------------------------------+
; Analysis & Synthesis      ; 00:02:32     ; 1.0                     ; 5127 MB             ; 00:04:55                           ;
; Fitter                    ; 00:02:02     ; 1.1                     ; 7493 MB             ; 00:03:08                           ;
; Assembler                 ; 00:00:13     ; 1.0                     ; 4910 MB             ; 00:00:12                           ;
; TimeQuest Timing Analyzer ; 00:00:46     ; 1.1                     ; 5651 MB             ; 00:00:47                           ;
; Total                     ; 00:05:33     ; --                      ; --                  ; 00:09:02                           ;
+---------------------------+--------------+-------------------------+---------------------+------------------------------------+


+----------------------------------------------------------------------------------------+
; Flow OS Summary                                                                        ;
+---------------------------+------------------+-----------+------------+----------------+
; Module Name               ; Machine Hostname ; OS Name   ; OS Version ; Processor type ;
+---------------------------+------------------+-----------+------------+----------------+
; Analysis & Synthesis      ; DESKTOP-5APNOD1  ; Windows 8 ; 6.2        ; x86_64         ;
; Fitter                    ; DESKTOP-5APNOD1  ; Windows 8 ; 6.2        ; x86_64         ;
; Assembler                 ; DESKTOP-5APNOD1  ; Windows 8 ; 6.2        ; x86_64         ;
; TimeQuest Timing Analyzer ; DESKTOP-5APNOD1  ; Windows 8 ; 6.2        ; x86_64         ;
+---------------------------+------------------+-----------+------------+----------------+


------------
; Flow Log ;
------------
quartus_map --read_settings_files=on --write_settings_files=off NN-ESD -c NN-ESD
quartus_fit --read_settings_files=off --write_settings_files=off NN-ESD -c NN-ESD
quartus_asm --read_settings_files=off --write_settings_files=off NN-ESD -c NN-ESD
quartus_sta NN-ESD -c NN-ESD



