Info: Starting: Create block symbol file (.bsf)
Info: qsys-generate /home/jan/ANNonFPGA/ANNonFPGA/QUARTUS/base_hps.qsys --block-symbol-file --output-directory=/home/jan/ANNonFPGA/ANNonFPGA/QUARTUS/base_hps --family="Cyclone V" --part=5CSXFC6D6F31C6
Progress: Loading QUARTUS/base_hps.qsys
Progress: Reading input file
Progress: Adding clk_0 [clock_source 18.1]
Progress: Parameterizing module clk_0
Progress: Adding hps_0 [altera_hps 18.1]
Progress: Parameterizing module hps_0
Progress: Adding jtag_uart_0 [altera_avalon_jtag_uart 18.1]
Progress: Parameterizing module jtag_uart_0
Progress: Adding pio_0 [altera_avalon_pio 18.1]
Progress: Parameterizing module pio_0
Progress: Adding pll_0 [altera_pll 18.1]
Progress: Parameterizing module pll_0
Progress: Building connections
Progress: Parameterizing connections
Progress: Validating
Progress: Done reading input file
Info: base_hps.hps_0: HPS Main PLL counter settings: n = 0  m = 73
Info: base_hps.hps_0: HPS peripherial PLL counter settings: n = 0  m = 39
Warning: base_hps.hps_0: "Configuration/HPS-to-FPGA user 0 clock frequency" (desired_cfg_clk_mhz) requested 100.0 MHz, but only achieved 97.368421 MHz
Warning: base_hps.hps_0: 1 or more output clock frequencies cannot be achieved precisely, consider revising desired output clock frequencies.
Info: base_hps.jtag_uart_0: JTAG UART IP input clock need to be at least double (2x) the operating frequency of JTAG TCK on board
Info: base_hps.pll_0: The legal reference clock frequency is 5.0 MHz..800.0 MHz
Info: base_hps.pll_0: Able to implement PLL with user settings
Info: qsys-generate succeeded.
Info: Finished: Create block symbol file (.bsf)
Info: 
Info: Starting: Create HDL design files for synthesis
Info: qsys-generate /home/jan/ANNonFPGA/ANNonFPGA/QUARTUS/base_hps.qsys --synthesis=VHDL --output-directory=/home/jan/ANNonFPGA/ANNonFPGA/QUARTUS/base_hps/synthesis --family="Cyclone V" --part=5CSXFC6D6F31C6
Progress: Loading QUARTUS/base_hps.qsys
Progress: Reading input file
Progress: Adding clk_0 [clock_source 18.1]
Progress: Parameterizing module clk_0
Progress: Adding hps_0 [altera_hps 18.1]
Progress: Parameterizing module hps_0
Progress: Adding jtag_uart_0 [altera_avalon_jtag_uart 18.1]
Progress: Parameterizing module jtag_uart_0
Progress: Adding pio_0 [altera_avalon_pio 18.1]
Progress: Parameterizing module pio_0
Progress: Adding pll_0 [altera_pll 18.1]
Progress: Parameterizing module pll_0
Progress: Building connections
Progress: Parameterizing connections
Progress: Validating
Progress: Done reading input file
Info: base_hps.hps_0: HPS Main PLL counter settings: n = 0  m = 73
Info: base_hps.hps_0: HPS peripherial PLL counter settings: n = 0  m = 39
Warning: base_hps.hps_0: "Configuration/HPS-to-FPGA user 0 clock frequency" (desired_cfg_clk_mhz) requested 100.0 MHz, but only achieved 97.368421 MHz
Warning: base_hps.hps_0: 1 or more output clock frequencies cannot be achieved precisely, consider revising desired output clock frequencies.
Info: base_hps.jtag_uart_0: JTAG UART IP input clock need to be at least double (2x) the operating frequency of JTAG TCK on board
Info: base_hps.pll_0: The legal reference clock frequency is 5.0 MHz..800.0 MHz
Info: base_hps.pll_0: Able to implement PLL with user settings
Info: base_hps: Generating base_hps "base_hps" for QUARTUS_SYNTH
Warning: hps_0.f2h_irq0: Cannot connect clock for irq_mapper.sender
Warning: hps_0.f2h_irq0: Cannot connect reset for irq_mapper.sender
Warning: hps_0.f2h_irq1: Cannot connect clock for irq_mapper_001.sender
Warning: hps_0.f2h_irq1: Cannot connect reset for irq_mapper_001.sender
Info: hps_0: "Running  for module: hps_0"
Info: hps_0: HPS Main PLL counter settings: n = 0  m = 73
Info: hps_0: HPS peripherial PLL counter settings: n = 0  m = 39
Warning: hps_0: "Configuration/HPS-to-FPGA user 0 clock frequency" (desired_cfg_clk_mhz) requested 100.0 MHz, but only achieved 97.368421 MHz
Warning: hps_0: 1 or more output clock frequencies cannot be achieved precisely, consider revising desired output clock frequencies.
Info: hps_0: "base_hps" instantiated altera_hps "hps_0"
Info: jtag_uart_0: Starting RTL generation for module 'base_hps_jtag_uart_0'
Info: jtag_uart_0:   Generation command is [exec /home/jan/intelFPGA_lite/18.1/quartus/linux64/perl/bin/perl -I /home/jan/intelFPGA_lite/18.1/quartus/linux64/perl/lib -I /home/jan/intelFPGA_lite/18.1/quartus/sopc_builder/bin/europa -I /home/jan/intelFPGA_lite/18.1/quartus/sopc_builder/bin/perl_lib -I /home/jan/intelFPGA_lite/18.1/quartus/sopc_builder/bin -I /home/jan/intelFPGA_lite/18.1/quartus/../ip/altera/sopc_builder_ip/common -I /home/jan/intelFPGA_lite/18.1/quartus/../ip/altera/sopc_builder_ip/altera_avalon_jtag_uart -- /home/jan/intelFPGA_lite/18.1/quartus/../ip/altera/sopc_builder_ip/altera_avalon_jtag_uart/generate_rtl.pl --name=base_hps_jtag_uart_0 --dir=/tmp/alt7873_1487005703848582895.dir/0002_jtag_uart_0_gen/ --quartus_dir=/home/jan/intelFPGA_lite/18.1/quartus --verilog --config=/tmp/alt7873_1487005703848582895.dir/0002_jtag_uart_0_gen//base_hps_jtag_uart_0_component_configuration.pl  --do_build_sim=0  ]
Info: jtag_uart_0: Done RTL generation for module 'base_hps_jtag_uart_0'
Info: jtag_uart_0: "base_hps" instantiated altera_avalon_jtag_uart "jtag_uart_0"
Info: pio_0: Starting RTL generation for module 'base_hps_pio_0'
Info: pio_0:   Generation command is [exec /home/jan/intelFPGA_lite/18.1/quartus/linux64/perl/bin/perl -I /home/jan/intelFPGA_lite/18.1/quartus/linux64/perl/lib -I /home/jan/intelFPGA_lite/18.1/quartus/sopc_builder/bin/europa -I /home/jan/intelFPGA_lite/18.1/quartus/sopc_builder/bin/perl_lib -I /home/jan/intelFPGA_lite/18.1/quartus/sopc_builder/bin -I /home/jan/intelFPGA_lite/18.1/quartus/../ip/altera/sopc_builder_ip/common -I /home/jan/intelFPGA_lite/18.1/quartus/../ip/altera/sopc_builder_ip/altera_avalon_pio -- /home/jan/intelFPGA_lite/18.1/quartus/../ip/altera/sopc_builder_ip/altera_avalon_pio/generate_rtl.pl --name=base_hps_pio_0 --dir=/tmp/alt7873_1487005703848582895.dir/0003_pio_0_gen/ --quartus_dir=/home/jan/intelFPGA_lite/18.1/quartus --verilog --config=/tmp/alt7873_1487005703848582895.dir/0003_pio_0_gen//base_hps_pio_0_component_configuration.pl  --do_build_sim=0  ]
Info: pio_0: Done RTL generation for module 'base_hps_pio_0'
Info: pio_0: "base_hps" instantiated altera_avalon_pio "pio_0"
Info: pll_0: "base_hps" instantiated altera_pll "pll_0"
Info: avalon_st_adapter: Inserting error_adapter: error_adapter_0
Info: avalon_st_adapter_001: Inserting error_adapter: error_adapter_0
Info: mm_interconnect_0: "base_hps" instantiated altera_mm_interconnect "mm_interconnect_0"
Info: irq_mapper: "base_hps" instantiated altera_irq_mapper "irq_mapper"
Info: irq_mapper_001: "base_hps" instantiated altera_irq_mapper "irq_mapper_001"
Info: rst_controller: "base_hps" instantiated altera_reset_controller "rst_controller"
Info: fpga_interfaces: "hps_0" instantiated altera_interface_generator "fpga_interfaces"
Info: hps_io: "hps_0" instantiated altera_hps_io "hps_io"
Info: jtag_uart_0_avalon_jtag_slave_translator: "mm_interconnect_0" instantiated altera_merlin_slave_translator "jtag_uart_0_avalon_jtag_slave_translator"
Info: hps_0_h2f_lw_axi_master_agent: "mm_interconnect_0" instantiated altera_merlin_axi_master_ni "hps_0_h2f_lw_axi_master_agent"
Info: jtag_uart_0_avalon_jtag_slave_agent: "mm_interconnect_0" instantiated altera_merlin_slave_agent "jtag_uart_0_avalon_jtag_slave_agent"
Info: jtag_uart_0_avalon_jtag_slave_agent_rsp_fifo: "mm_interconnect_0" instantiated altera_avalon_sc_fifo "jtag_uart_0_avalon_jtag_slave_agent_rsp_fifo"
Info: router: "mm_interconnect_0" instantiated altera_merlin_router "router"
Info: router_002: "mm_interconnect_0" instantiated altera_merlin_router "router_002"
Info: hps_0_h2f_lw_axi_master_wr_limiter: "mm_interconnect_0" instantiated altera_merlin_traffic_limiter "hps_0_h2f_lw_axi_master_wr_limiter"
Info: Reusing file /home/jan/ANNonFPGA/ANNonFPGA/QUARTUS/base_hps/synthesis/submodules/altera_avalon_sc_fifo.v
Info: jtag_uart_0_avalon_jtag_slave_burst_adapter: "mm_interconnect_0" instantiated altera_merlin_burst_adapter "jtag_uart_0_avalon_jtag_slave_burst_adapter"
Info: Reusing file /home/jan/ANNonFPGA/ANNonFPGA/QUARTUS/base_hps/synthesis/submodules/altera_merlin_address_alignment.sv
Info: Reusing file /home/jan/ANNonFPGA/ANNonFPGA/QUARTUS/base_hps/synthesis/submodules/altera_avalon_st_pipeline_base.v
Info: cmd_demux: "mm_interconnect_0" instantiated altera_merlin_demultiplexer "cmd_demux"
Info: cmd_mux: "mm_interconnect_0" instantiated altera_merlin_multiplexer "cmd_mux"
Info: rsp_demux: "mm_interconnect_0" instantiated altera_merlin_demultiplexer "rsp_demux"
Info: rsp_mux: "mm_interconnect_0" instantiated altera_merlin_multiplexer "rsp_mux"
Info: Reusing file /home/jan/ANNonFPGA/ANNonFPGA/QUARTUS/base_hps/synthesis/submodules/altera_merlin_arbitrator.sv
Info: avalon_st_adapter: "mm_interconnect_0" instantiated altera_avalon_st_adapter "avalon_st_adapter"
Info: border: "hps_io" instantiated altera_interface_generator "border"
Info: error_adapter_0: "avalon_st_adapter" instantiated error_adapter "error_adapter_0"
Info: base_hps: Done "base_hps" with 26 modules, 84 files
Info: qsys-generate succeeded.
Info: Finished: Create HDL design files for synthesis
